0 info it worked if it ends with ok
1 verbose cli [ 'C:\\Program Files\\nodejs\\node.exe',
1 verbose cli   'C:\\Program Files\\nodejs\\node_modules\\npm\\bin\\npm-cli.js',
1 verbose cli   'run',
1 verbose cli   'start' ]
2 info using npm@4.1.2
3 info using node@v7.7.3
4 verbose run-script [ 'prestart', 'start', 'poststart' ]
5 info lifecycle tssession@1.0.0~prestart: tssession@1.0.0
6 silly lifecycle tssession@1.0.0~prestart: no script for prestart, continuing
7 info lifecycle tssession@1.0.0~start: tssession@1.0.0
8 verbose lifecycle tssession@1.0.0~start: unsafe-perm in lifecycle true
9 verbose lifecycle tssession@1.0.0~start: PATH: C:\Program Files\nodejs\node_modules\npm\bin\node-gyp-bin;C:\Users\JoseAlejandro\Documents\EMN\A3\App client - serveur\TS-TP\node_modules\.bin;C:\Program Files (x86)\Common Files\Intel\Shared Libraries\redist\intel64\compiler;C:\Program Files\Haskell\bin;C:\Program Files\Haskell Platform\8.0.1\lib\extralibs\bin;C:\Program Files\Haskell Platform\8.0.1\bin;C:\xpressmp\bin;C:\ProgramData\Oracle\Java\javapath;C:\Program Files (x86)\Lenovo\FusionEngine;C:\Program Files (x86)\Intel\iCLS Client\;C:\Program Files\Intel\iCLS Client\;C:\WINDOWS\system32;C:\WINDOWS;C:\WINDOWS\System32\Wbem;C:\WINDOWS\System32\WindowsPowerShell\v1.0\;C:\Program Files\Intel\Intel(R) Management Engine Components\DAL;C:\Program Files\Intel\Intel(R) Management Engine Components\IPT;C:\Program Files (x86)\Intel\Intel(R) Management Engine Components\DAL;C:\Program Files (x86)\Intel\Intel(R) Management Engine Components\IPT;C:\Program Files (x86)\Common Files\lenovo\easyplussdk\bin;C:\Program Files (x86)\NVIDIA Corporation\PhysX\Common;C:\WINDOWS\system32;C:\WINDOWS;C:\WINDOWS\System32\Wbem;C:\WINDOWS\System32\WindowsPowerShell\v1.0\;C:\Program Files\MATLAB\MATLAB Production Server\R2015a\runtime\win64;C:\Program Files\MATLAB\MATLAB Production Server\R2015a\bin;C:\Program Files\MATLAB\MATLAB Production Server\R2015a\polyspace\bin;C:\Program Files (x86)\Pinnacle\Shared Files\;C:\Program Files\nodejs\;C:\Program Files\MySQL\MySQL Utilities 1.6\;C:\Program Files\Git\cmd;C:\Program Files (x86)\Skype\Phone\;C:\MinGW\bin;C:\MinGW\msys\1.0\bin;C:\Users\JoseAlejandro\AppData\Roaming\cabal\bin;C:\Users\JoseAlejandro\AppData\Roaming\local\bin;C:\Users\JoseAlejandro\AppData\Local\Microsoft\WindowsApps;C:\python27;C:\python27\scripts;C:\sqlite;C:\Users\JoseAlejandro\git\Astrolabe\lib\win32;C:\Users\JoseAlejandro\AppData\Roaming\npm;C:\Program Files\Java\jdk1.8.0_65\bin;C:\MinGW\bin;C:\MinGW\msys\1.0\bin;;C:\Program Files\Microsoft VS Code\bin
10 verbose lifecycle tssession@1.0.0~start: CWD: C:\Users\JoseAlejandro\Documents\EMN\A3\App client - serveur\TS-TP
11 silly lifecycle tssession@1.0.0~start: Args: [ '/d /s /c', 'npm run compile ; node ./bin/app' ]
12 silly lifecycle tssession@1.0.0~start: Returned: code: 1  signal: null
13 info lifecycle tssession@1.0.0~start: Failed to exec start script
14 verbose stack Error: tssession@1.0.0 start: `npm run compile ; node ./bin/app`
14 verbose stack Exit status 1
14 verbose stack     at EventEmitter.<anonymous> (C:\Program Files\nodejs\node_modules\npm\lib\utils\lifecycle.js:279:16)
14 verbose stack     at emitTwo (events.js:106:13)
14 verbose stack     at EventEmitter.emit (events.js:194:7)
14 verbose stack     at ChildProcess.<anonymous> (C:\Program Files\nodejs\node_modules\npm\lib\utils\spawn.js:40:14)
14 verbose stack     at emitTwo (events.js:106:13)
14 verbose stack     at ChildProcess.emit (events.js:194:7)
14 verbose stack     at maybeClose (internal/child_process.js:899:16)
14 verbose stack     at Process.ChildProcess._handle.onexit (internal/child_process.js:226:5)
15 verbose pkgid tssession@1.0.0
16 verbose cwd C:\Users\JoseAlejandro\Documents\EMN\A3\App client - serveur\TS-TP
17 error Windows_NT 10.0.15063
18 error argv "C:\\Program Files\\nodejs\\node.exe" "C:\\Program Files\\nodejs\\node_modules\\npm\\bin\\npm-cli.js" "run" "start"
19 error node v7.7.3
20 error npm  v4.1.2
21 error code ELIFECYCLE
22 error tssession@1.0.0 start: `npm run compile ; node ./bin/app`
22 error Exit status 1
23 error Failed at the tssession@1.0.0 start script 'npm run compile ; node ./bin/app'.
23 error Make sure you have the latest version of node.js and npm installed.
23 error If you do, this is most likely a problem with the tssession package,
23 error not with npm itself.
23 error Tell the author that this fails on your system:
23 error     npm run compile ; node ./bin/app
23 error You can get information on how to open an issue for this project with:
23 error     npm bugs tssession
23 error Or if that isn't available, you can get their info via:
23 error     npm owner ls tssession
23 error There is likely additional logging output above.
24 verbose exit [ 1, true ]
